0 info it worked if it ends with ok
1 verbose cli [ 'C:\\Program Files\\nodejs\\node.exe',
1 verbose cli   'C:\\Program Files\\nodejs\\node_modules\\npm\\bin\\npm-cli.js',
1 verbose cli   'run',
1 verbose cli   'lint:fix' ]
2 info using npm@3.10.10
3 info using node@v6.11.2
4 verbose run-script [ 'prelint:fix', 'lint:fix', 'postlint:fix' ]
5 info lifecycle dejavu-online-shop@0.1.0~prelint:fix: dejavu-online-shop@0.1.0
6 silly lifecycle dejavu-online-shop@0.1.0~prelint:fix: no script for prelint:fix, continuing
7 info lifecycle dejavu-online-shop@0.1.0~lint:fix: dejavu-online-shop@0.1.0
8 verbose lifecycle dejavu-online-shop@0.1.0~lint:fix: unsafe-perm in lifecycle true
9 verbose lifecycle dejavu-online-shop@0.1.0~lint:fix: PATH: C:\Program Files\nodejs\node_modules\npm\bin\node-gyp-bin;C:\Projects\dejavu-online-shop\djv-web\src\main\webapp\node_modules\.bin;C:\Program Files\Haskell\bin;C:\Program Files\Haskell Platform\8.2.1\lib\extralibs\bin;C:\Program Files\Haskell Platform\8.2.1\bin;C:\ProgramData\Oracle\Java\javapath;C:\Program Files (x86)\Intel\iCLS Client\;C:\Program Files\Intel\iCLS Client\;C:\WINDOWS\system32;C:\WINDOWS;C:\WINDOWS\System32\Wbem;C:\WINDOWS\System32\WindowsPowerShell\v1.0\;C:\Program Files (x86)\Intel\Intel(R) Management Engine Components\DAL;C:\Program Files\Intel\Intel(R) Management Engine Components\DAL;C:\Program Files (x86)\Intel\Intel(R) Management Engine Components\IPT;C:\Program Files\Intel\Intel(R) Management Engine Components\IPT;C:\Program Files\PuTTY\;C:\Program Files (x86)\Skype\Phone\;C:\Program Files\Microsoft SQL Server\130\Tools\Binn\;C:\Program Files\dotnet\;C:\Program Files\Git\cmd;C:\Program Files\nodejs\;C:\Program Files\Haskell Platform\8.2.1\mingw\bin;C:\Program Files (x86)\Brackets\command;C:\Program Files (x86)\Windows Live\Shared;C:\Program Files\MATLAB\R2017b\bin;C:\Program Files\MATLAB\R2017a\runtime\win64;C:\Program Files\MATLAB\R2017a\bin;C:\Users\smlge\AppData\Local\Programs\Python\Python36-32;C:\Users\smlge\AppData\Roaming\cabal\bin;C:\Users\smlge\AppData\Roaming\local\bin;C:\Users\smlge\AppData\Local\Microsoft\WindowsApps;C:\Program Files\Microsoft VS Code\bin;C:\Users\smlge\AppData\Roaming\npm;;C:\Users\smlge\AppData\Local\Programs\Fiddler
10 verbose lifecycle dejavu-online-shop@0.1.0~lint:fix: CWD: C:\Projects\dejavu-online-shop\djv-web\src\main\webapp
11 silly lifecycle dejavu-online-shop@0.1.0~lint:fix: Args: [ '/d /s /c',
11 silly lifecycle   'tslint -p tsconfig.json -c tslint.json app/**/*.{ts,tsx} --fix' ]
12 silly lifecycle dejavu-online-shop@0.1.0~lint:fix: Returned: code: 2  signal: null
13 info lifecycle dejavu-online-shop@0.1.0~lint:fix: Failed to exec lint:fix script
14 verbose stack Error: dejavu-online-shop@0.1.0 lint:fix: `tslint -p tsconfig.json -c tslint.json app/**/*.{ts,tsx} --fix`
14 verbose stack Exit status 2
14 verbose stack     at EventEmitter.<anonymous> (C:\Program Files\nodejs\node_modules\npm\lib\utils\lifecycle.js:255:16)
14 verbose stack     at emitTwo (events.js:106:13)
14 verbose stack     at EventEmitter.emit (events.js:191:7)
14 verbose stack     at ChildProcess.<anonymous> (C:\Program Files\nodejs\node_modules\npm\lib\utils\spawn.js:40:14)
14 verbose stack     at emitTwo (events.js:106:13)
14 verbose stack     at ChildProcess.emit (events.js:191:7)
14 verbose stack     at maybeClose (internal/child_process.js:891:16)
14 verbose stack     at Process.ChildProcess._handle.onexit (internal/child_process.js:226:5)
15 verbose pkgid dejavu-online-shop@0.1.0
16 verbose cwd C:\Projects\dejavu-online-shop\djv-web\src\main\webapp
17 error Windows_NT 10.0.16299
18 error argv "C:\\Program Files\\nodejs\\node.exe" "C:\\Program Files\\nodejs\\node_modules\\npm\\bin\\npm-cli.js" "run" "lint:fix"
19 error node v6.11.2
20 error npm  v3.10.10
21 error code ELIFECYCLE
22 error dejavu-online-shop@0.1.0 lint:fix: `tslint -p tsconfig.json -c tslint.json app/**/*.{ts,tsx} --fix`
22 error Exit status 2
23 error Failed at the dejavu-online-shop@0.1.0 lint:fix script 'tslint -p tsconfig.json -c tslint.json app/**/*.{ts,tsx} --fix'.
23 error Make sure you have the latest version of node.js and npm installed.
23 error If you do, this is most likely a problem with the dejavu-online-shop package,
23 error not with npm itself.
23 error Tell the author that this fails on your system:
23 error     tslint -p tsconfig.json -c tslint.json app/**/*.{ts,tsx} --fix
23 error You can get information on how to open an issue for this project with:
23 error     npm bugs dejavu-online-shop
23 error Or if that isn't available, you can get their info via:
23 error     npm owner ls dejavu-online-shop
23 error There is likely additional logging output above.
24 verbose exit [ 1, true ]
